0 info it worked if it ends with ok
1 verbose cli [ 'C:\\Program Files\\nodejs\\node.exe',
1 verbose cli   'C:\\Program Files\\nodejs\\node_modules\\npm\\bin\\npm-cli.js',
1 verbose cli   'start' ]
2 info using npm@1.3.14
3 info using node@v7.9.0
4 verbose run-script [ 'prestart', 'start', 'poststart' ]
5 info prestart ES6@1.0.0
6 info start ES6@1.0.0
7 verbose unsafe-perm in lifecycle true
8 info ES6@1.0.0 Failed to exec start script
9 error ES6@1.0.0 start: `node_modules\.bin\babel-node nodemon server.js`
9 error Exit status 1
10 error Failed at the ES6@1.0.0 start script.
10 error This is most likely a problem with the ES6 package,
10 error not with npm itself.
10 error Tell the author that this fails on your system:
10 error     node_modules\.bin\babel-node nodemon server.js
10 error You can get their info via:
10 error     npm owner ls ES6
10 error There is likely additional logging output above.
11 error System Windows_NT 6.3.9600
12 error command "C:\\Program Files\\nodejs\\node.exe" "C:\\Program Files\\nodejs\\node_modules\\npm\\bin\\npm-cli.js" "start"
13 error cwd C:\Users\shrutina\Desktop\ES6\MentorAssignment
14 error node -v v7.9.0
15 error npm -v 1.3.14
16 error code ELIFECYCLE
17 verbose exit [ 1, true ]
